# --------------------------------------------------- // System
cronie                                                 # schedule programs
downgrade                                              # downgrade packages
flameshot                                              # screenshots

# --------------------------------------------------- // Programming
rustup
python
python-uv                                              # python package/project manager
ipython                                                # interactive python shell
cmake

# --------------------------------------------------- // Dependencies
parallel                                               # for parallel processing
jq                                                     # for json processing
imagemagick                                            # for image processing
ffmpeg                                                 # for video processing
fd                                                     # for file searching
fzf                                                    # for fuzzy finding
poppler                                                # for pdf rendering
qt5-imageformats                                       # for dolphin image thumbnails
ffmpegthumbs                                           # for dolphin video thumbnails
kde-cli-tools                                          # for dolphin file type defaults
pacman-contrib                                         # for system update check
libnotify                                              # for notifications

# --------------------------------------------------- // Shell
oh-my-zsh-git                                          # plugin manager for zsh
zsh-syntax-highlighting-git                            # syntax highlights for zsh
zsh-theme-powerlevel10k-git                            # theme for zsh
# spaceship-prompt-git                                   # theme for zsh
eza                                                    # file lister for zsh
dust                                                   # better du
bat                                                    # better cat
ripgrep                                                # better search
git-delta                                              # highlighting pager for git diffs

# --------------------------------------------------- // Applications
firefox                                                # browser
kitty                                                  # terminal
dolphin                                                # kde file manager
ark                                                    # kde file archiver
vim                                                    # terminal text editor
neovim                                                 # vim based text editor
yazi                                                   # terminal file manager
lazygit                                                # tui for git commands
mpv                                                    # media player

# --------------------------------------------------- // Tools
btop                                                   # terminal based graphical activity monitor
inxi                                                   # command line system information
rsync                                                  # file copying tool
tealdeer                                               # handy tool for linux command example usage
trash-cli                                              # cli to manage trash files

# --------------------------------------------------- // Fetches
neofetch
macchina
nitch
pfetch
fastfetch
onefetch                                               # fetch for git repos

# --------------------------------------------------- // Fonts
noto-fonts
noto-fonts-cjk
noto-fonts-emoji
