# --------------------------------------------------- // Dependencies
mkvtoolnix-cli                                         # for freevine (TODO: install in .venv)

# --------------------------------------------------- // System
backrest                                               # restic backup interface
gpu-screen-recorder-git                                # shadowplay-like screen recorder
gpu-screen-recorder-gtk-git                            # frontend for gpu-screen-record
gpu-screen-recorder-notification                       # screen recording notifications
syncthing                                              # sync app
syncthingtray-qt6                                      # tray icon/info for syncthing

# --------------------------------------------------- // Applications (KDE)
isoimagewriter                                         # write iso files to usb
kamoso                                                 # webcam recorder
kdenlive                                               # full-featured video editing software
kolourpaint                                            # paint program
okular                                                 # document viewer

# --------------------------------------------------- // Applications (GUI)
bitwarden-cli                                          # password manager client
brave-bin                                              # browser
bottles                                                # wine prefix manager
filezilla                                              # ftp application
gparted                                                # disk partition editor
handbrake                                              # video transcoder
lite-xl                                                # lightweight text editor
losslesscut-bin                                        # quick and dirty video editing software
monero-gui                                             # monero wallet management
mullvad-vpn                                            # vpn client
obsidian                                               # note-taking app
obs-studio                                             # recording software
rpi-image                                              # create raspberry pi devices
rustdesk                                               # remote desktop
signal-desktop                                         # messaging app
spicetify-cli                                          # cli to customize spotify
spotify                                                # spotify music client
teamspeak                                              # teamspeak client
torbrowser-launcher                                    # private internet browser
tutanota-desktop-bin                                   # email client
vesktop-bin                                            # discord client
virt-manager                                           # manage virtual machines
vlc                                                    # video player

# --------------------------------------------------- // Applications (CLI)
nvtop                                                  # gpu process monitor
qemu-full                                              # virtual machine manager
yt-dlp                                                 # video downloader
tailscale                                              # mesh network client
