# --------------------------------------------------- // Laptop
libinput-gestures                                      # actions touchpad gestures using libinput
gestures                                               # gui for libinput-gestures

# --------------------------------------------------- // AMDGPU
lib32-mesa
lib32-vulkan-radeon
vulkan-radeon
xf86-video-amdgpu

# --------------------------------------------------- // NVIDIA
lib32-nvidia-utils
nvidia-open
nvidia-settings
nvidia-utils

# --------------------------------------------------- // Keyboard
qmk                                                    # customize mechanical keyboards

# --------------------------------------------------- // Fans
coolercontrol-bin                                      # fan control app

# --------------------------------------------------- // Lighting
openrgb                                                # rgb lighting control

# --------------------------------------------------- // Controller
xone-dlundqvist-dkms-git                               # xbox controller support
xpadneo-dkms                                           # ???? NEEDED?

# --------------------------------------------------- // Printer
brlaser-git
cups
system-config-printer
