# --------------------------------------------------- // Applications
plasma6-applets-thermal-monitor-git                    # hardware temps on panel
ktailctl                                               # plasma tailscale gui

plasma
plasma bluedevil
plasma breeze
plasma breeze-gtk
plasma breeze-plymouth
plasma discover
plasma drkonqi
plasma flatpak-kcm
plasma kactivitymanagerd
plasma kde-cli-tools
plasma kde-gtk-config
plasma kdecoration
plasma kdeplasma-addons
plasma kgamma
plasma kglobalacceld
plasma kinfocenter
plasma kmenuedit
plasma kpipewire
plasma krdp
plasma kscreen
plasma kscreenlocker
plasma ksshaskpass
plasma ksystemstats
plasma kwallet-pam
plasma kwayland
plasma kwin
plasma kwrited
plasma layer-shell-qt
plasma libkscreen
plasma libksysguard
plasma libplasma
plasma milou
plasma ocean-sound-theme
plasma oxygen
plasma oxygen-sounds
plasma plasma-activities
plasma plasma-activities-stats
plasma plasma-browser-integration
plasma plasma-desktop
plasma plasma-disks
plasma plasma-firewall
plasma plasma-integration
plasma plasma-nm
plasma plasma-pa
plasma plasma-sdk
plasma plasma-systemmonitor
plasma plasma-thunderbolt
plasma plasma-vault
plasma plasma-welcome
plasma plasma-workspace
plasma plasma-workspace-wallpapers
plasma plasma5support
plasma plymouth-kcm
plasma polkit-kde-agent
plasma powerdevil
plasma print-manager
plasma qqc2-breeze-style
plasma sddm-kcm
plasma systemsettings
plasma xdg-desktop-portal-kde

kde-applications
kde-applications ark
kde-applications dolphin
kde-applications dolphin-plugins
kde-applications ffmpegthumbs
kde-applications filelight
kde-applications gwenview
kde-applications isoimagewriter
kde-applications kamoso
kde-applications kcharselect
kde-applications kdenlive
kde-applications kfind
kde-applications kio-extras
kde-applications kolourpaint
kde-applications konsole
kde-applications ksystemlog
kde-applications kwalletmanager
kde-applications okular
kde-applications signon-kwallet-extension
