# --------------------------------------------------- // Desktop Environment
plasma                                                 # kde plasma group

# --------------------------------------------------- // Applications
plasma6-applets-thermal-monitor-git                    # hardware temps on panel
ktailctl                                               # plasma tailscale gui
trayplay                                               # frontend for gpu-screen-record
# from 'kde-applications' group
ark
dolphin
dolphin-plugins
ffmpegthumbs
filelight
gwenview
isoimagewriter
kamoso
kcharselect
kdeconnect
kdenlive
kfind
kio-extras
kolourpaint
konsole
ksystemlog
kwalletmanager
okular
signon-kwallet-extension
