# Package list for hardware support on my workstation

# --------------------------------------------------- // Motherboard
nct6687d-dkms-git

# --------------------------------------------------- // AMDGPU
lib32-mesa
lib32-vulkan-radeon
vulkan-radeon
xf86-video-amdgpu

# --------------------------------------------------- // Keyboard
qmk                                                    # customize mechanical keyboards

# --------------------------------------------------- // Fans
coolercontrol-bin                                      # fan control app

# --------------------------------------------------- // Lighting
openrgb                                                # rgb lighting control

# --------------------------------------------------- // Controller
xone-dlundqvist-dkms-git                               # xbox controller support
xpadneo-dkms                                           # ???? NEEDED?

# --------------------------------------------------- // Printer ???NEEDED???
brlaser-git
cups
system-config-printer
